[2026-02-22 13:34:54.318] Parallel mode enabled (use_workers=1). max_workers=600
[2026-02-22 13:34:54.354] Heartbeat: 2026-02-22 13:34
[2026-02-22 13:34:54.365] [Profile] Test Script 1 using dynamic cost=25
[2026-02-22 13:34:54.381] [Profile] Test Script 2 using dynamic cost=1
[2026-02-22 13:34:54.381] Executing 2 task(s) with slot capacity=600 and thread_workers=2.
[2026-02-22 13:34:54.396] [Dry Run] Would execute: Test Script 1 -> C:\Users\Mircea Ioan\OneDrive\Documents\1_SCHEDULER\test1.py (python=C:\Users\Mircea Ioan\AppData\Local\Programs\Python\Python312\python.exe)
[2026-02-22 13:34:54.396] [Dry Run] Would execute: Test Script 2 -> C:\Users\Mircea Ioan\OneDrive\Documents\1_SCHEDULER\test2.py (python=C:\Users\Mircea Ioan\AppData\Local\Programs\Python\Python312\python.exe)
[2026-02-22 13:34:54.396] [Profile] Test Script 1: peak_ram=0.0% avg_cpu=0.0% -> learned_cost=1
[2026-02-22 13:34:54.396] [Profile] Test Script 2: peak_ram=0.0% avg_cpu=0.0% -> learned_cost=1
[2026-02-22 13:34:54.396] Run completed successfully.
[2026-02-22 17:33:17.553] Starting daemon mode. Scheduler ticks run on minute boundaries.
[2026-02-22 17:33:17.662] Parallel mode enabled (use_workers=1). max_workers=600
[2026-02-22 17:33:17.662] Heartbeat: 2026-02-22 17:33
[2026-02-22 17:33:17.662] [Profile] Test Script 1 using dynamic cost=1
[2026-02-22 17:33:17.662] [Profile] Test Script 2 using dynamic cost=1
[2026-02-22 17:33:17.662] Executing 2 task(s) with slot capacity=600 and thread_workers=2.
[2026-02-22 17:33:17.678] Executing (profiled): Test Script 1 (python=C:\Users\Mircea Ioan\AppData\Local\Programs\Python\Python312\python.exe)
[2026-02-22 17:33:17.678] Executing (profiled): Test Script 2 (python=C:\Users\Mircea Ioan\AppData\Local\Programs\Python\Python312\python.exe)
[2026-02-22 17:33:17.740526] Test Script 2 finishes!
[2026-02-22 17:33:17.724901] Test Script 1 finished!
[2026-02-22 17:33:17.771] [Success] Test Script 2 completed. peak_ram=0.1% avg_cpu=0.0%
[2026-02-22 17:33:17.771] [Success] Test Script 1 completed. peak_ram=0.0% avg_cpu=48.9%
[2026-02-22 17:33:17.771] [Profile] Test Script 2: peak_ram=0.1% avg_cpu=0.0% -> learned_cost=1
[2026-02-22 17:33:17.771] [Profile] Test Script 1: peak_ram=0.0% avg_cpu=48.9% -> learned_cost=48
[2026-02-22 17:33:17.771] Run completed successfully.
[2026-02-22 17:33:25.263] [Heartbeat] Failed to send email: (0, 'SetForegroundWindow', 'No error message is available')
[2026-02-22 17:34:00.020] Parallel mode enabled (use_workers=1). max_workers=600
[2026-02-22 17:34:00.020] Heartbeat: 2026-02-22 17:34
[2026-02-22 17:34:00.020] [Profile] Test Script 1 using dynamic cost=48
[2026-02-22 17:34:00.020] [Profile] Test Script 2 using dynamic cost=1
[2026-02-22 17:34:00.020] Executing 2 task(s) with slot capacity=600 and thread_workers=2.
[2026-02-22 17:34:00.020] Executing (profiled): Test Script 1 (python=C:\Users\Mircea Ioan\AppData\Local\Programs\Python\Python312\python.exe)
[2026-02-22 17:34:00.036] Executing (profiled): Test Script 2 (python=C:\Users\Mircea Ioan\AppData\Local\Programs\Python\Python312\python.exe)
[2026-02-22 17:34:00.098660] Test Script 1 finished!
[2026-02-22 17:34:00.114219] Test Script 2 finishes!
[2026-02-22 17:34:00.155] [Success] Test Script 1 completed. peak_ram=0.1% avg_cpu=0.0%
[2026-02-22 17:34:00.156] [Success] Test Script 2 completed. peak_ram=0.1% avg_cpu=48.9%
[2026-02-22 17:34:00.162] [Profile] Test Script 1: peak_ram=0.1% avg_cpu=0.0% -> learned_cost=1
[2026-02-22 17:34:00.165] [Profile] Test Script 2: peak_ram=0.1% avg_cpu=48.9% -> learned_cost=48
[2026-02-22 17:34:00.167] Run completed successfully.
[2026-02-22 17:35:00.065] Parallel mode enabled (use_workers=1). max_workers=600
[2026-02-22 17:35:00.071] Heartbeat: 2026-02-22 17:35
[2026-02-22 17:35:00.077] [Profile] Test Script 1 using dynamic cost=1
[2026-02-22 17:35:00.084] [Profile] Test Script 2 using dynamic cost=48
[2026-02-22 17:35:00.087] Executing 2 task(s) with slot capacity=600 and thread_workers=2.
[2026-02-22 17:35:00.094] Executing (profiled): Test Script 1 (python=C:\Users\Mircea Ioan\AppData\Local\Programs\Python\Python312\python.exe)
[2026-02-22 17:35:00.098] Executing (profiled): Test Script 2 (python=C:\Users\Mircea Ioan\AppData\Local\Programs\Python\Python312\python.exe)
[2026-02-22 17:35:00.212002] Test Script 2 finishes!
[2026-02-22 17:35:00.212002] Test Script 1 finished!
[2026-02-22 17:35:00.261] [Success] Test Script 2 completed. peak_ram=0.1% avg_cpu=0.0%
[2026-02-22 17:35:00.262] [Success] Test Script 1 completed. peak_ram=0.1% avg_cpu=25.2%
[2026-02-22 17:35:00.265] [Profile] Test Script 2: peak_ram=0.1% avg_cpu=0.0% -> learned_cost=1
[2026-02-22 17:35:00.268] [Profile] Test Script 1: peak_ram=0.1% avg_cpu=25.2% -> learned_cost=25
[2026-02-22 17:35:00.272] Run completed successfully.
[2026-02-22 17:36:00.066] Parallel mode enabled (use_workers=1). max_workers=600
[2026-02-22 17:36:00.074] Heartbeat: 2026-02-22 17:36
[2026-02-22 17:36:00.079] [Profile] Test Script 1 using dynamic cost=25
[2026-02-22 17:36:00.085] [Profile] Test Script 2 using dynamic cost=1
[2026-02-22 17:36:00.088] Executing 2 task(s) with slot capacity=600 and thread_workers=2.
[2026-02-22 17:36:00.096] Executing (profiled): Test Script 1 (python=C:\Users\Mircea Ioan\AppData\Local\Programs\Python\Python312\python.exe)
[2026-02-22 17:36:00.100] Executing (profiled): Test Script 2 (python=C:\Users\Mircea Ioan\AppData\Local\Programs\Python\Python312\python.exe)
[2026-02-22 17:36:00.175737] Test Script 2 finishes!
[2026-02-22 17:36:00.176748] Test Script 1 finished!
[2026-02-22 17:36:00.218] [Success] Test Script 2 completed. peak_ram=0.1% avg_cpu=0.0%
[2026-02-22 17:36:00.221] [Success] Test Script 1 completed. peak_ram=0.1% avg_cpu=0.0%
[2026-02-22 17:36:00.222] [Profile] Test Script 2: peak_ram=0.1% avg_cpu=0.0% -> learned_cost=1
[2026-02-22 17:36:00.226] [Profile] Test Script 1: peak_ram=0.1% avg_cpu=0.0% -> learned_cost=1
[2026-02-22 17:36:00.230] Run completed successfully.
[2026-02-22 17:37:00.017] Parallel mode enabled (use_workers=1). max_workers=600
[2026-02-22 17:37:00.017] Heartbeat: 2026-02-22 17:37
[2026-02-22 17:37:00.017] [Profile] Test Script 1 using dynamic cost=1
[2026-02-22 17:37:00.017] [Profile] Test Script 2 using dynamic cost=1
[2026-02-22 17:37:00.033] Executing 2 task(s) with slot capacity=600 and thread_workers=2.
[2026-02-22 17:37:00.033] Executing (profiled): Test Script 1 (python=C:\Users\Mircea Ioan\AppData\Local\Programs\Python\Python312\python.exe)
[2026-02-22 17:37:00.033] Executing (profiled): Test Script 2 (python=C:\Users\Mircea Ioan\AppData\Local\Programs\Python\Python312\python.exe)
[2026-02-22 17:37:00.095702] Test Script 2 finishes!
[2026-02-22 17:37:00.095702] Test Script 1 finished!
[2026-02-22 17:37:00.127] [Success] Test Script 2 completed. peak_ram=0.1% avg_cpu=0.0%
[2026-02-22 17:37:00.127] [Success] Test Script 1 completed. peak_ram=0.1% avg_cpu=0.0%
[2026-02-22 17:37:00.127] [Profile] Test Script 2: peak_ram=0.1% avg_cpu=0.0% -> learned_cost=1
[2026-02-22 17:37:00.127] [Profile] Test Script 1: peak_ram=0.1% avg_cpu=0.0% -> learned_cost=1
[2026-02-22 17:37:00.143] Run completed successfully.
[2026-02-22 17:44:16.998] Starting daemon mode. Scheduler ticks run on minute boundaries.
[2026-02-22 17:44:17.045] Parallel mode enabled (use_workers=1). max_workers=600
[2026-02-22 17:44:17.045] Heartbeat: 2026-02-22 17:44
[2026-02-22 17:44:17.045] [Profile] Test Script 1 using dynamic cost=1
[2026-02-22 17:44:17.045] [Profile] Test Script 2 using dynamic cost=1
[2026-02-22 17:44:17.045] Executing 2 task(s) with slot capacity=600 and thread_workers=2.
[2026-02-22 17:44:17.045] Executing (profiled): Test Script 1 (python=C:\Users\Mircea Ioan\AppData\Local\Programs\Python\Python312\python.exe)
[2026-02-22 17:44:17.045] Executing (profiled): Test Script 2 (python=C:\Users\Mircea Ioan\AppData\Local\Programs\Python\Python312\python.exe)
[2026-02-22 17:44:17.107804] Test Script 2 finishes!
[2026-02-22 17:44:17.107804] Test Script 1 finished!
[2026-02-22 17:44:17.139] [Success] Test Script 2 completed. peak_ram=0.1% avg_cpu=52.1%
[2026-02-22 17:44:17.139] [Success] Test Script 1 completed. peak_ram=0.1% avg_cpu=0.0%
[2026-02-22 17:44:17.139] [Profile] Test Script 2: peak_ram=0.1% avg_cpu=52.1% -> learned_cost=52
[2026-02-22 17:44:17.139] [Profile] Test Script 1: peak_ram=0.1% avg_cpu=0.0% -> learned_cost=1
[2026-02-22 17:44:17.139] Run completed successfully.
[2026-02-22 17:44:21.692] [Heartbeat] Failed to send email: (0, 'SetForegroundWindow', 'No error message is available')
[2026-02-22 17:45:00.010] Parallel mode enabled (use_workers=1). max_workers=600
[2026-02-22 17:45:00.010] Heartbeat: 2026-02-22 17:45
[2026-02-22 17:45:00.010] [Profile] Test Script 1 using dynamic cost=1
[2026-02-22 17:45:00.020] [Profile] Test Script 2 using dynamic cost=52
[2026-02-22 17:45:00.020] Executing 2 task(s) with slot capacity=600 and thread_workers=2.
[2026-02-22 17:45:00.020] Executing (profiled): Test Script 1 (python=C:\Users\Mircea Ioan\AppData\Local\Programs\Python\Python312\python.exe)
[2026-02-22 17:45:00.020] Executing (profiled): Test Script 2 (python=C:\Users\Mircea Ioan\AppData\Local\Programs\Python\Python312\python.exe)
[2026-02-22 17:45:00.067826] Test Script 2 finishes!
[2026-02-22 17:45:00.067826] Test Script 1 finished!
[2026-02-22 17:45:00.099] [Success] Test Script 2 completed. peak_ram=0.1% avg_cpu=0.0%
[2026-02-22 17:45:00.099] [Success] Test Script 1 completed. peak_ram=0.1% avg_cpu=0.0%
[2026-02-22 17:45:00.099] [Profile] Test Script 2: peak_ram=0.1% avg_cpu=0.0% -> learned_cost=1
[2026-02-22 17:45:00.115] [Profile] Test Script 1: peak_ram=0.1% avg_cpu=0.0% -> learned_cost=1
[2026-02-22 17:45:00.115] Run completed successfully.
[2026-02-22 17:46:00.017] Parallel mode enabled (use_workers=1). max_workers=600
[2026-02-22 17:46:00.017] Heartbeat: 2026-02-22 17:46
[2026-02-22 17:46:00.017] [Profile] Test Script 1 using dynamic cost=1
[2026-02-22 17:46:00.017] [Profile] Test Script 2 using dynamic cost=1
[2026-02-22 17:46:00.017] Executing 2 task(s) with slot capacity=600 and thread_workers=2.
[2026-02-22 17:46:00.017] Executing (profiled): Test Script 1 (python=C:\Users\Mircea Ioan\AppData\Local\Programs\Python\Python312\python.exe)
[2026-02-22 17:46:00.017] Executing (profiled): Test Script 2 (python=C:\Users\Mircea Ioan\AppData\Local\Programs\Python\Python312\python.exe)
[2026-02-22 17:46:00.064639] Test Script 2 finishes!
[2026-02-22 17:46:00.064639] Test Script 1 finished!
[2026-02-22 17:46:00.095] [Success] Test Script 2 completed. peak_ram=0.1% avg_cpu=0.0%
[2026-02-22 17:46:00.095] [Success] Test Script 1 completed. peak_ram=0.0% avg_cpu=0.0%
[2026-02-22 17:46:00.095] [Profile] Test Script 2: peak_ram=0.1% avg_cpu=0.0% -> learned_cost=1
[2026-02-22 17:46:00.111] [Profile] Test Script 1: peak_ram=0.0% avg_cpu=0.0% -> learned_cost=1
[2026-02-22 17:46:00.111] Run completed successfully.
[2026-02-22 17:47:00.010] Parallel mode enabled (use_workers=1). max_workers=600
[2026-02-22 17:47:00.010] Heartbeat: 2026-02-22 17:47
[2026-02-22 17:47:00.010] [Profile] Test Script 1 using dynamic cost=1
[2026-02-22 17:47:00.010] [Profile] Test Script 2 using dynamic cost=1
[2026-02-22 17:47:00.010] Executing 2 task(s) with slot capacity=600 and thread_workers=2.
[2026-02-22 17:47:00.025] Executing (profiled): Test Script 1 (python=C:\Users\Mircea Ioan\AppData\Local\Programs\Python\Python312\python.exe)
[2026-02-22 17:47:00.025] Executing (profiled): Test Script 2 (python=C:\Users\Mircea Ioan\AppData\Local\Programs\Python\Python312\python.exe)
[2026-02-22 17:47:00.077189] Test Script 2 finishes!
[2026-02-22 17:47:00.077189] Test Script 1 finished!
[2026-02-22 17:47:00.104] [Success] Test Script 2 completed. peak_ram=0.1% avg_cpu=0.0%
[2026-02-22 17:47:00.104] [Success] Test Script 1 completed. peak_ram=0.1% avg_cpu=52.1%
[2026-02-22 17:47:00.104] [Profile] Test Script 2: peak_ram=0.1% avg_cpu=0.0% -> learned_cost=1
[2026-02-22 17:47:00.119] [Profile] Test Script 1: peak_ram=0.1% avg_cpu=52.1% -> learned_cost=52
[2026-02-22 17:47:00.126] Run completed successfully.
[2026-02-22 17:48:00.008] Parallel mode enabled (use_workers=1). max_workers=600
[2026-02-22 17:48:00.008] Heartbeat: 2026-02-22 17:48
[2026-02-22 17:48:00.008] [Profile] Test Script 1 using dynamic cost=52
[2026-02-22 17:48:00.024] [Profile] Test Script 2 using dynamic cost=1
[2026-02-22 17:48:00.024] Executing 2 task(s) with slot capacity=600 and thread_workers=2.
[2026-02-22 17:48:00.024] Executing (profiled): Test Script 1 (python=C:\Users\Mircea Ioan\AppData\Local\Programs\Python\Python312\python.exe)
[2026-02-22 17:48:00.024] Executing (profiled): Test Script 2 (python=C:\Users\Mircea Ioan\AppData\Local\Programs\Python\Python312\python.exe)
[2026-02-22 17:48:00.071521] Test Script 1 finished!
[2026-02-22 17:48:00.071521] Test Script 2 finishes!
[2026-02-22 17:48:00.103] [Success] Test Script 1 completed. peak_ram=0.0% avg_cpu=0.0%
[2026-02-22 17:48:00.115] [Success] Test Script 2 completed. peak_ram=0.1% avg_cpu=0.0%
[2026-02-22 17:48:00.115] [Profile] Test Script 1: peak_ram=0.0% avg_cpu=0.0% -> learned_cost=1
[2026-02-22 17:48:00.115] [Profile] Test Script 2: peak_ram=0.1% avg_cpu=0.0% -> learned_cost=1
[2026-02-22 17:48:00.123] Run completed successfully.
[2026-02-22 17:49:00.021] Parallel mode enabled (use_workers=1). max_workers=600
[2026-02-22 17:49:00.021] Heartbeat: 2026-02-22 17:49
[2026-02-22 17:49:00.021] [Profile] Test Script 1 using dynamic cost=1
[2026-02-22 17:49:00.021] [Profile] Test Script 2 using dynamic cost=1
[2026-02-22 17:49:00.021] Executing 2 task(s) with slot capacity=600 and thread_workers=2.
[2026-02-22 17:49:00.021] Executing (profiled): Test Script 1 (python=C:\Users\Mircea Ioan\AppData\Local\Programs\Python\Python312\python.exe)
[2026-02-22 17:49:00.021] Executing (profiled): Test Script 2 (python=C:\Users\Mircea Ioan\AppData\Local\Programs\Python\Python312\python.exe)
[2026-02-22 17:49:00.068330] Test Script 1 finished!
[2026-02-22 17:49:00.068330] Test Script 2 finishes!
[2026-02-22 17:49:00.114] [Success] Test Script 1 completed. peak_ram=0.0% avg_cpu=0.0%
[2026-02-22 17:49:00.114] [Success] Test Script 2 completed. peak_ram=0.1% avg_cpu=0.0%
[2026-02-22 17:49:00.114] [Profile] Test Script 1: peak_ram=0.0% avg_cpu=0.0% -> learned_cost=1
[2026-02-22 17:49:00.114] [Profile] Test Script 2: peak_ram=0.1% avg_cpu=0.0% -> learned_cost=1
[2026-02-22 17:49:00.114] Run completed successfully.
[2026-02-22 17:49:44.858] [Heartbeat] Email sent to mirceasava51@yahoo.ca.
[2026-02-22 17:50:00.019] Parallel mode enabled (use_workers=1). max_workers=600
[2026-02-22 17:50:00.019] Heartbeat: 2026-02-22 17:50
[2026-02-22 17:50:00.035] [Profile] Test Script 1 using dynamic cost=1
[2026-02-22 17:50:00.035] [Profile] Test Script 2 using dynamic cost=1
[2026-02-22 17:50:00.035] Executing 2 task(s) with slot capacity=600 and thread_workers=2.
[2026-02-22 17:50:00.035] Executing (profiled): Test Script 1 (python=C:\Users\Mircea Ioan\AppData\Local\Programs\Python\Python312\python.exe)
[2026-02-22 17:50:00.035] Executing (profiled): Test Script 2 (python=C:\Users\Mircea Ioan\AppData\Local\Programs\Python\Python312\python.exe)
[2026-02-22 17:50:00.092586] Test Script 2 finishes!
[2026-02-22 17:50:00.105023] Test Script 1 finished!
[2026-02-22 17:50:00.153] [Success] Test Script 2 completed. peak_ram=0.1% avg_cpu=0.0%
[2026-02-22 17:50:00.155] [Success] Test Script 1 completed. peak_ram=0.0% avg_cpu=0.0%
[2026-02-22 17:50:00.155] [Profile] Test Script 2: peak_ram=0.1% avg_cpu=0.0% -> learned_cost=1
[2026-02-22 17:50:00.174] [Profile] Test Script 1: peak_ram=0.0% avg_cpu=0.0% -> learned_cost=1
[2026-02-22 17:50:00.178] Run completed successfully.
[2026-02-22 17:51:00.012] Parallel mode enabled (use_workers=1). max_workers=600
[2026-02-22 17:51:00.012] Heartbeat: 2026-02-22 17:51
[2026-02-22 17:51:00.012] [Profile] Test Script 1 using dynamic cost=1
[2026-02-22 17:51:00.022] [Profile] Test Script 2 using dynamic cost=1
[2026-02-22 17:51:00.022] Executing 2 task(s) with slot capacity=600 and thread_workers=2.
[2026-02-22 17:51:00.022] Executing (profiled): Test Script 1 (python=C:\Users\Mircea Ioan\AppData\Local\Programs\Python\Python312\python.exe)
[2026-02-22 17:51:00.022] Executing (profiled): Test Script 2 (python=C:\Users\Mircea Ioan\AppData\Local\Programs\Python\Python312\python.exe)
[2026-02-22 17:51:00.075435] Test Script 2 finishes!
[2026-02-22 17:51:00.075435] Test Script 1 finished!
[2026-02-22 17:51:00.106] [Success] Test Script 2 completed. peak_ram=0.1% avg_cpu=0.0%
[2026-02-22 17:51:00.106] [Success] Test Script 1 completed. peak_ram=0.1% avg_cpu=0.0%
[2026-02-22 17:51:00.106] [Profile] Test Script 2: peak_ram=0.1% avg_cpu=0.0% -> learned_cost=1
[2026-02-22 17:51:00.106] [Profile] Test Script 1: peak_ram=0.1% avg_cpu=0.0% -> learned_cost=1
[2026-02-22 17:51:00.106] Run completed successfully.
[2026-02-22 18:05:00.508] Starting daemon mode. Scheduler ticks run on minute boundaries.
[2026-02-22 18:05:00.553] Parallel mode enabled (use_workers=1). max_workers=600
[2026-02-22 18:05:00.553] Heartbeat: 2026-02-22 18:05
[2026-02-22 18:05:00.553] [Profile] Test Script 1 using dynamic cost=1
[2026-02-22 18:05:00.553] [Profile] Test Script 2 using dynamic cost=1
[2026-02-22 18:05:00.553] Executing 2 task(s) with slot capacity=600 and thread_workers=2.
[2026-02-22 18:05:00.553] Executing (profiled): Test Script 1 (python=C:\Users\Mircea Ioan\AppData\Local\Programs\Python\Python312\python.exe)
[2026-02-22 18:05:00.553] Executing (profiled): Test Script 2 (python=C:\Users\Mircea Ioan\AppData\Local\Programs\Python\Python312\python.exe)
[2026-02-22 18:05:00.616294] Test Script 2 finishes!
[2026-02-22 18:05:00.616294] Test Script 1 finished!
[2026-02-22 18:05:00.647] [Success] Test Script 2 completed. peak_ram=0.1% avg_cpu=0.0%
[2026-02-22 18:05:00.647] [Success] Test Script 1 completed. peak_ram=0.1% avg_cpu=0.0%
[2026-02-22 18:05:00.647] [Profile] Test Script 2: peak_ram=0.1% avg_cpu=0.0% -> learned_cost=1
[2026-02-22 18:05:00.647] [Profile] Test Script 1: peak_ram=0.1% avg_cpu=0.0% -> learned_cost=1
[2026-02-22 18:05:00.647] Run completed successfully.
[2026-02-22 18:06:00.010] Parallel mode enabled (use_workers=1). max_workers=600
[2026-02-22 18:06:00.010] Heartbeat: 2026-02-22 18:06
[2026-02-22 18:06:00.019] [Profile] Test Script 1 using dynamic cost=1
[2026-02-22 18:06:00.020] [Profile] Test Script 2 using dynamic cost=1
[2026-02-22 18:06:00.022] Executing 2 task(s) with slot capacity=600 and thread_workers=2.
[2026-02-22 18:06:00.022] Executing (profiled): Test Script 1 (python=C:\Users\Mircea Ioan\AppData\Local\Programs\Python\Python312\python.exe)
[2026-02-22 18:06:00.027] Executing (profiled): Test Script 2 (python=C:\Users\Mircea Ioan\AppData\Local\Programs\Python\Python312\python.exe)
[2026-02-22 18:06:00.084093] Test Script 2 finishes!
[2026-02-22 18:06:00.084093] Test Script 1 finished!
[2026-02-22 18:06:00.119] [Success] Test Script 2 completed. peak_ram=0.1% avg_cpu=0.0%
[2026-02-22 18:06:00.119] [Success] Test Script 1 completed. peak_ram=0.1% avg_cpu=0.0%
[2026-02-22 18:06:00.124] [Profile] Test Script 2: peak_ram=0.1% avg_cpu=0.0% -> learned_cost=1
[2026-02-22 18:06:00.127] [Profile] Test Script 1: peak_ram=0.1% avg_cpu=0.0% -> learned_cost=1
[2026-02-22 18:06:00.127] Run completed successfully.
[2026-02-22 18:07:00.005] Parallel mode enabled (use_workers=1). max_workers=600
[2026-02-22 18:07:00.005] Heartbeat: 2026-02-22 18:07
[2026-02-22 18:07:00.005] [Profile] Test Script 1 using dynamic cost=1
[2026-02-22 18:07:00.021] [Profile] Test Script 2 using dynamic cost=1
[2026-02-22 18:07:00.021] Executing 2 task(s) with slot capacity=600 and thread_workers=2.
[2026-02-22 18:07:00.021] Executing (profiled): Test Script 1 (python=C:\Users\Mircea Ioan\AppData\Local\Programs\Python\Python312\python.exe)
[2026-02-22 18:07:00.021] Executing (profiled): Test Script 2 (python=C:\Users\Mircea Ioan\AppData\Local\Programs\Python\Python312\python.exe)
[2026-02-22 18:07:00.069274] Test Script 1 finished!
[2026-02-22 18:07:00.084286] Test Script 2 finishes!
[2026-02-22 18:07:00.118] [Success] Test Script 1 completed. peak_ram=0.1% avg_cpu=0.0%
[2026-02-22 18:07:00.118] [Success] Test Script 2 completed. peak_ram=0.1% avg_cpu=52.1%
[2026-02-22 18:07:00.121] [Profile] Test Script 1: peak_ram=0.1% avg_cpu=0.0% -> learned_cost=1
[2026-02-22 18:07:00.128] [Profile] Test Script 2: peak_ram=0.1% avg_cpu=52.1% -> learned_cost=52
[2026-02-22 18:07:00.132] Run completed successfully.
[2026-02-22 18:08:00.032] Parallel mode enabled (use_workers=1). max_workers=600
[2026-02-22 18:08:00.048] Heartbeat: 2026-02-22 18:08
[2026-02-22 18:08:00.048] [Profile] Test Script 1 using dynamic cost=1
[2026-02-22 18:08:00.048] [Profile] Test Script 2 using dynamic cost=52
[2026-02-22 18:08:00.048] Executing 2 task(s) with slot capacity=600 and thread_workers=2.
[2026-02-22 18:08:00.063] Executing (profiled): Test Script 1 (python=C:\Users\Mircea Ioan\AppData\Local\Programs\Python\Python312\python.exe)
[2026-02-22 18:08:00.063] Executing (profiled): Test Script 2 (python=C:\Users\Mircea Ioan\AppData\Local\Programs\Python\Python312\python.exe)
[2026-02-22 18:08:00.142212] Test Script 1 finished!
[2026-02-22 18:08:00.142212] Test Script 2 finishes!
[2026-02-22 18:08:00.173] [Success] Test Script 1 completed. peak_ram=0.1% avg_cpu=0.0%
[2026-02-22 18:08:00.173] [Success] Test Script 2 completed. peak_ram=0.1% avg_cpu=0.0%
[2026-02-22 18:08:00.173] [Profile] Test Script 1: peak_ram=0.1% avg_cpu=0.0% -> learned_cost=1
[2026-02-22 18:08:00.173] [Profile] Test Script 2: peak_ram=0.1% avg_cpu=0.0% -> learned_cost=1
[2026-02-22 18:08:00.173] Run completed successfully.
